<?xml version="1.0" encoding="UTF-8"?>
<testng-results ignored="0" total="1" passed="1" failed="0" skipped="0">
  <reporter-output>
  </reporter-output>
  <suite started-at="2025-01-28T09:19:45 IST" name="Default suite" finished-at="2025-01-28T09:20:02 IST" duration-ms="16422">
    <groups>
    </groups>
    <test started-at="2025-01-28T09:19:45 IST" name="Default test" finished-at="2025-01-28T09:20:02 IST" duration-ms="16422">
      <class name="com.stackroute.demoproject.BasicAuto05Test">
        <test-method is-config="true" signature="setUp()[pri:0, instance:com.stackroute.demoproject.BasicAuto05Test@1b11171f]" started-at="2025-01-28T09:19:45 IST" name="setUp" finished-at="2025-01-28T09:19:54 IST" duration-ms="8592" status="PASS">
          <reporter-output>
          </reporter-output>
        </test-method> <!-- setUp -->
        <test-method signature="testSearch()[pri:0, instance:com.stackroute.demoproject.BasicAuto05Test@1b11171f]" started-at="2025-01-28T09:19:54 IST" name="testSearch" finished-at="2025-01-28T09:20:02 IST" duration-ms="7565" status="PASS">
          <reporter-output>
          </reporter-output>
        </test-method> <!-- testSearch -->
        <test-method is-config="true" signature="tearDown()[pri:0, instance:com.stackroute.demoproject.BasicAuto05Test@1b11171f]" started-at="2025-01-28T09:20:02 IST" name="tearDown" finished-at="2025-01-28T09:20:02 IST" duration-ms="205" status="PASS">
          <reporter-output>
          </reporter-output>
        </test-method> <!-- tearDown -->
      </class> <!-- com.stackroute.demoproject.BasicAuto05Test -->
    </test> <!-- Default test -->
  </suite> <!-- Default suite -->
</testng-results>
