<?xml version="1.0" encoding="UTF-8"?>
<testng-results ignored="0" total="1" passed="1" failed="0" skipped="0">
  <reporter-output>
  </reporter-output>
  <suite started-at="2025-02-06T10:03:21 IST" name="Default suite" finished-at="2025-02-06T10:03:41 IST" duration-ms="20213">
    <groups>
    </groups>
    <test started-at="2025-02-06T10:03:21 IST" name="Default test" finished-at="2025-02-06T10:03:41 IST" duration-ms="20213">
      <class name="com.stackroute.demoproject.BasicAuto09Test">
        <test-method is-config="true" signature="setUp()[pri:0, instance:com.stackroute.demoproject.BasicAuto09Test@f0c8a99]" started-at="2025-02-06T10:03:21 IST" name="setUp" finished-at="2025-02-06T10:03:27 IST" duration-ms="6273" status="PASS">
          <reporter-output>
          </reporter-output>
        </test-method> <!-- setUp -->
        <test-method signature="testSwitchtoWindow()[pri:0, instance:com.stackroute.demoproject.BasicAuto09Test@f0c8a99]" started-at="2025-02-06T10:03:27 IST" name="testSwitchtoWindow" finished-at="2025-02-06T10:03:41 IST" duration-ms="13533" status="PASS">
          <reporter-output>
          </reporter-output>
        </test-method> <!-- testSwitchtoWindow -->
        <test-method is-config="true" signature="tearDown()[pri:0, instance:com.stackroute.demoproject.BasicAuto09Test@f0c8a99]" started-at="2025-02-06T10:03:41 IST" name="tearDown" finished-at="2025-02-06T10:03:41 IST" duration-ms="375" status="PASS">
          <reporter-output>
          </reporter-output>
        </test-method> <!-- tearDown -->
      </class> <!-- com.stackroute.demoproject.BasicAuto09Test -->
    </test> <!-- Default test -->
  </suite> <!-- Default suite -->
</testng-results>
